<?xml version="1.0" encoding="UTF-8"?>
<!-- Generated by org.testng.reporters.JUnitReportReporter -->
<testsuite hostname="Lenovo-PC" name="com.crm.qa.testcases.HomePageTest" tests="4" failures="0" timestamp="14 Sep 2020 09:12:17 GMT" time="72.208" errors="0">
  <testcase name="verifyDealsLinkTest" time="17.298" classname="com.crm.qa.testcases.HomePageTest"/>
  <testcase name="verifyContactLinkTest" time="22.565" classname="com.crm.qa.testcases.HomePageTest"/>
  <testcase name="VerifyUserNameLabelTest" time="16.522" classname="com.crm.qa.testcases.HomePageTest"/>
  <testcase name="verifyHomePageTitleTest" time="15.823" classname="com.crm.qa.testcases.HomePageTest"/>
</testsuite> <!-- com.crm.qa.testcases.HomePageTest -->
