<?xml version="1.0" encoding="UTF-8"?>
<!-- Generated by org.testng.reporters.JUnitReportReporter -->
<testsuite hostname="Lenovo-PC" name="com.crm.qa.testcases.DealsPageTest" tests="1" failures="0" timestamp="14 Sep 2020 13:08:35 GMT" time="24.505" errors="0">
  <testcase name="validateCreateNewDeal" time="24.505" classname="com.crm.qa.testcases.DealsPageTest"/>
</testsuite> <!-- com.crm.qa.testcases.DealsPageTest -->
