<?xml version="1.0" encoding="UTF-8"?>
<!-- Generated by org.testng.reporters.JUnitReportReporter -->
<testsuite hostname="Lenovo-PC" name="com.crm.qa.testcases.LoginPageTest" tests="3" failures="0" timestamp="13 Sep 2020 16:19:39 GMT" time="59.304" errors="0">
  <testcase name="loginPageTilteTest" time="18.848" classname="com.crm.qa.testcases.LoginPageTest"/>
  <testcase name="loginTest" time="29.785" classname="com.crm.qa.testcases.LoginPageTest"/>
  <testcase name="crmLogoImageTest" time="10.671" classname="com.crm.qa.testcases.LoginPageTest"/>
</testsuite> <!-- com.crm.qa.testcases.LoginPageTest -->
