<?xml version="1.0" encoding="UTF-8"?>
<!-- Generated by org.testng.reporters.JUnitReportReporter -->
<testsuite hostname="Lenovo-PC" name="com.crm.qa.testcases.ProductPageTest" tests="1" failures="0" timestamp="15 Sep 2020 15:03:14 GMT" time="24.701" errors="0">
  <testcase name="validateCreateNewProductTest" time="24.701" classname="com.crm.qa.testcases.ProductPageTest"/>
</testsuite> <!-- com.crm.qa.testcases.ProductPageTest -->
