<?xml version="1.0" encoding="UTF-8"?>
<!-- Generated by org.testng.reporters.JUnitReportReporter -->
<testsuite hostname="Lenovo-PC" name="com.crm.qa.testcases.ContactPageTest" tests="1" failures="0" timestamp="14 Sep 2020 09:35:33 GMT" time="23.876" errors="0">
  <testcase name="validateCreateNewContact" time="23.876" classname="com.crm.qa.testcases.ContactPageTest"/>
</testsuite> <!-- com.crm.qa.testcases.ContactPageTest -->
