<?xml version="1.0" encoding="UTF-8"?>
<!-- Generated by org.testng.reporters.JUnitReportReporter -->
<testsuite hostname="Lenovo-PC" name="com.crm.qa.testcases.ProductPageTest" tests="3" failures="0" timestamp="17 Sep 2020 09:05:50 GMT" time="78.806" errors="0">
  <testcase name="validateCreateNewProductTest" time="23.159" classname="com.crm.qa.testcases.ProductPageTest"/>
  <testcase name="validateNewProductbutton" time="21.030" classname="com.crm.qa.testcases.ProductPageTest"/>
  <testcase name="validateCreateProduct" time="34.617" classname="com.crm.qa.testcases.ProductPageTest"/>
</testsuite> <!-- com.crm.qa.testcases.ProductPageTest -->
