<?xml version="1.0" encoding="UTF-8"?>
<!-- Generated by org.testng.reporters.JUnitReportReporter -->
<testsuite hostname="Lenovo-PC" name="com.crm.qa.testcases.LoginPageTest" tests="3" failures="0" timestamp="17 Sep 2020 09:05:50 GMT" time="51.629" errors="0">
  <testcase name="loginTest" time="24.988" classname="com.crm.qa.testcases.LoginPageTest"/>
  <testcase name="loginPageTilteTest" time="13.439" classname="com.crm.qa.testcases.LoginPageTest"/>
  <testcase name="crmLogoImageTest" time="13.202" classname="com.crm.qa.testcases.LoginPageTest"/>
</testsuite> <!-- com.crm.qa.testcases.LoginPageTest -->
