<?xml version="1.0" encoding="UTF-8"?>
<!-- Generated by org.testng.reporters.JUnitReportReporter -->
<testsuite hostname="Lenovo-PC" name="com.crm.qa.testcases.HomePageTest" tests="4" failures="0" timestamp="17 Sep 2020 09:05:50 GMT" time="86.147" errors="0">
  <testcase name="verifyHomePageTitleTest" time="18.192" classname="com.crm.qa.testcases.HomePageTest"/>
  <testcase name="verifyDealsLinkTest" time="18.092" classname="com.crm.qa.testcases.HomePageTest"/>
  <testcase name="VerifyUserNameLabelTest" time="24.266" classname="com.crm.qa.testcases.HomePageTest"/>
  <testcase name="verifyContactLinkTest" time="25.597" classname="com.crm.qa.testcases.HomePageTest"/>
</testsuite> <!-- com.crm.qa.testcases.HomePageTest -->
