<?xml version="1.0" encoding="UTF-8"?>
<!-- Generated by org.testng.reporters.JUnitReportReporter -->
<testsuite hostname="Lenovo-PC" name="com.crm.qa.testcases.ContactPageTest" tests="1" failures="0" timestamp="17 Sep 2020 09:05:50 GMT" time="35.928" errors="0">
  <testcase name="validateCreateNewContact" time="35.928" classname="com.crm.qa.testcases.ContactPageTest"/>
</testsuite> <!-- com.crm.qa.testcases.ContactPageTest -->
