<?xml version="1.0" encoding="UTF-8"?>
<!-- Generated by org.testng.reporters.JUnitReportReporter -->
<testsuite hostname="Lenovo-PC" name="com.crm.qa.testcases.DealsPageTest" tests="1" failures="0" timestamp="17 Sep 2020 09:05:50 GMT" time="31.089" errors="0">
  <testcase name="validateCreateNewDeal" time="31.089" classname="com.crm.qa.testcases.DealsPageTest"/>
</testsuite> <!-- com.crm.qa.testcases.DealsPageTest -->
